make all --print-data-base --no-builtin-variables --no-builtin-rules --question
# GNU Make 3.81
# Copyright (C) 2006  Free Software Foundation, Inc.
# This is free software; see the source for copying conditions.
# There is NO warranty; not even for MERCHANTABILITY or FITNESS FOR A
# PARTICULAR PURPOSE.

# This program built for i386-apple-darwin11.3.0
 

# Make data base, printed on Mon Jul 18 22:55:49 2022

# Variables

# automatic
<D = $(patsubst %/,%,$(dir $<))
# automatic
?F = $(notdir $?)
# environment
VSCODE_LOG_NATIVE = false
 
# automatic
?D = $(patsubst %/,%,$(dir $?))
# automatic
@D = $(patsubst %/,%,$(dir $@))
# automatic
@F = $(notdir $@)
# makefile
CURDIR := /Users/i521394/Documents/Github-Tjandy/grpc-go
# makefile (from `Makefile', line 19)
SHELL := bash
# environment
VSCODE_NLS_CONFIG = {"locale":"en-gb","availableLanguages":{},"_languagePackSupport":true}
# environment
_ = /usr/bin/make
# makefile (from `Makefile', line 20)
SHELL_VERSION = $(shell echo $$BASH_VERSION)
# makefile (from `Makefile', line 1)
MAKEFILE_LIST :=  Makefile
# environment
VSCODE_AMD_ENTRYPOINT = vs/workbench/api/node/extensionHostProcess
# environment
VSCODE_VERBOSE_LOGGING = true
# environment
__CFBundleIdentifier = com.microsoft.VSCode
# makefile (from `Makefile', line 41)
project := greet calculator blog
# environment
VSCODE_IPC_HOOK_EXTHOST = /var/folders/tw/4frr_dnd2yv7lyf4s24djky40000gn/T/vscode-ipc-0a278496-7f63-484d-b067-447f2b38aa3a.sock
# makefile (from `Makefile', line 30)
PACKAGE = $(shell head -1 go.mod | awk '{print $$2}')
# environment
VSCODE_CWD = /
# environment
GOPROXY = https://proxy.golang.org,direct
# environment
PATH = /Users/i521394/Downloads/google-cloud-sdk/bin:/Library/Frameworks/Python.framework/Versions/3.10/bin:/usr/local/bin:/usr/bin:/bin:/usr/sbin:/sbin:/usr/local/go/bin:/Applications/Privileges.app/Contents/Resources
# environment
GOPATH = /Users/i521394/go
# makefile (from `Makefile', line 31)
CHECK_DIR_CMD = test -d $@ || (echo "\033[31mDirectory $@ doesn't exist\033[0m" && false)
# makefile (from `Makefile', line 32)
HELP_CMD = grep -E '^[a-zA-Z_-]+:.*?## .*$$' $(MAKEFILE_LIST) | awk 'BEGIN {FS = ":.*?## "}; {printf "\033[36m%-30s\033[0m %s\n", $$1, $$2}'
# environment
VSCODE_LOG_STACK = false
# environment
ELECTRON_RUN_AS_NODE = 1
# makefile (from `Makefile', line 4)
CLIENT_DIR = client
# default
.FEATURES := target-specific order-only second-expansion else-if archives jobserver check-symlink
# environment
SSH_AUTH_SOCK = /private/tmp/com.apple.launchd.FlVNZskcGB/Listeners
# automatic
%F = $(notdir $%)
# makefile (from `Makefile', line 35)
SERVER_BIN = ${SERVER_DIR}
# makefile (from `Makefile', line 2)
PROTO_DIR = proto
# makefile (from `Makefile', line 22)
VERSION_AND_ARCH = $(shell uname -rm)
# environment
VSCODE_PIPE_LOGGING = true
# environment
PWD = /Users/i521394/Documents/Github-Tjandy/grpc-go
# environment
ORIGINAL_XDG_CURRENT_DESKTOP = undefined
# environment
GOMODCACHE = /Users/i521394/go/pkg/mod
# environment
HOME = /Users/i521394
# default
MAKEFILEPATH = $(shell /usr/bin/xcode-select -print-path 2>/dev/null || echo /Developer)/Makefiles
# environment
VSCODE_CODE_CACHE_PATH = /Users/i521394/Library/Application Support/Code/CachedData/30d9c6cd9483b2cc586687151bcbcd635f373630
# environment
LOGNAME = i521394
# environment
APPLICATION_INSIGHTS_NO_DIAGNOSTIC_CHANNEL = true
# makefile (from `Makefile', line 34)
RM_RF_CMD = ${RM_F_CMD} -r
# environment
VSCODE_HANDLES_UNCAUGHT_ERRORS = true
# automatic
^D = $(patsubst %/,%,$(dir $^))
# environment
XPC_FLAGS = 0x0
# default
MAKE = $(MAKE_COMMAND)
# default
MAKECMDGOALS := all
# environment
SHLVL = 1
# default
MAKE_VERSION := 3.81
# environment
USER = i521394
# makefile (from `Makefile', line 39)
.DEFAULT_GOAL := help
# makefile (from `Makefile', line 21)
UNAME := Darwin
# automatic
%D = $(patsubst %/,%,$(dir $%))
# default
MAKE_COMMAND := /Library/Developer/CommandLineTools/usr/bin/make
# default
.VARIABLES := 
# environment
TMPDIR = /var/folders/tw/4frr_dnd2yv7lyf4s24djky40000gn/T/
# automatic
*F = $(notdir $*)
# makefile (from `Makefile', line 24)
OS = macos ${VERSION_AND_ARCH}
# environment
VSCODE_IPC_HOOK = /Users/i521394/Library/Application Support/Code/1.68.1-main.sock
# makefile
MAKEFLAGS = Rrqp
# environment
MFLAGS = -Rrqp
# automatic
*D = $(patsubst %/,%,$(dir $*))
# environment
XPC_SERVICE_NAME = application.com.microsoft.VSCode.345045.345051
# automatic
+D = $(patsubst %/,%,$(dir $+))
# automatic
+F = $(notdir $+)
# environment
__CF_USER_TEXT_ENCODING = 0x1F5:0x0:0x64
# makefile (from `Makefile', line 3)
SERVER_DIR = server
# environment
COMMAND_MODE = unix2003
# default
MAKEFILES := 
# automatic
<F = $(notdir $<)
# makefile (from `Makefile', line 1)
BIN_DIR = bin
# environment
LC_ALL = C
# automatic
^F = $(notdir $^)
# default
SUFFIXES := 
# default
.INCLUDE_DIRS = /usr/local/include
# environment
MAKELEVEL := 0
# makefile (from `Makefile', line 36)
CLIENT_BIN = ${CLIENT_DIR}
# makefile (from `Makefile', line 33)
RM_F_CMD = rm -f
# environment
LANG = C
# environment
VSCODE_PID = 82414
# variable set hash-table stats:
# Load=81/1024=8%, Rehash=0, Collisions=2/134=1%

# Pattern-specific Variable Values

# No pattern-specific variable values.

# Directories

# . (device 16777220, inode 2273636): 8 files, no impossibilities.

# 8 files, no impossibilities in 1 directories.

# Implicit Rules

# No implicit rules.

# Files

all: greet calculator blog
#  Command-line target.
#  Implicit rule search has been done.
#  File does not exist.
#  File has been updated.
#  Needs to be updated (-q is set).
# variable set hash-table stats:
# Load=0/32=0%, Rehash=0, Collisions=0/19=0%

.PHONY: greet blog calculator help
#  Implicit rule search has not been done.
#  Modification time never checked.
#  File has not been updated.

clean_greet:
#  Implicit rule search has not been done.
#  Modification time never checked.
#  File has not been updated.
#  commands to execute (from `Makefile', line 66):
	${RM_F_CMD} greet/${PROTO_DIR}/*.pb.go
	

# Not a target:
.SUFFIXES:
#  Implicit rule search has not been done.
#  Modification time never checked.
#  File has not been updated.

# Not a target:
Makefile:
#  Implicit rule search has been done.
#  Last modified 2022-07-18 22:55:41
#  File has been updated.
#  Successfully updated.
# variable set hash-table stats:
# Load=0/32=0%, Rehash=0, Collisions=0/0=0%

rebuild: clean all
#  Implicit rule search has not been done.
#  Modification time never checked.
#  File has not been updated.

test: all
#  Implicit rule search has not been done.
#  Modification time never checked.
#  File has not been updated.
#  commands to execute (from `Makefile', line 56):
	go test ./...
	

calculator:
#  Phony target (prerequisite of .PHONY).
#  Implicit rule search has not been done.
#  File does not exist.
#  File has not been updated.
#  commands to execute (from `Makefile', line 50):
	@${CHECK_DIR_CMD}
	protoc -I$@/${PROTO_DIR} --go_opt=module=${PACKAGE} --go_out=. --go-grpc_opt=module=${PACKAGE} --go-grpc_out=. $@/${PROTO_DIR}/*.proto
	go build -o ${BIN_DIR}/$@/${SERVER_BIN} ./$@/${SERVER_DIR}
	go build -o ${BIN_DIR}/$@/${CLIENT_BIN} ./$@/${CLIENT_DIR}
	

help:
#  Phony target (prerequisite of .PHONY).
#  Implicit rule search has not been done.
#  File does not exist.
#  File has not been updated.
#  commands to execute (from `Makefile', line 85):
	@${HELP_CMD}
	

# Not a target:
.DEFAULT:
#  Implicit rule search has not been done.
#  Modification time never checked.
#  File has not been updated.

clean: clean_greet clean_calculator clean_blog
#  Implicit rule search has not been done.
#  Modification time never checked.
#  File has not been updated.
#  commands to execute (from `Makefile', line 59):
	${RM_F_CMD} ssl/*.crt
	${RM_F_CMD} ssl/*.csr
	${RM_F_CMD} ssl/*.key
	${RM_F_CMD} ssl/*.pem
	${RM_RF_CMD} ${BIN_DIR}
	

clean_calculator:
#  Implicit rule search has not been done.
#  Modification time never checked.
#  File has not been updated.
#  commands to execute (from `Makefile', line 69):
	${RM_F_CMD} calculator/${PROTO_DIR}/*.pb.go
	

about:
#  Implicit rule search has not been done.
#  Modification time never checked.
#  File has not been updated.
#  commands to execute (from `Makefile', line 77):
	@echo "OS: ${OS}"
	@echo "Shell: ${SHELL} ${SHELL_VERSION}"
	@echo "Protoc version: $(shell protoc --version)"
	@echo "Go version: $(shell go version)"
	@echo "Go package: ${PACKAGE}"
	@echo "Openssl version: $(shell openssl version)"
	

greet:
#  Phony target (prerequisite of .PHONY).
#  Implicit rule search has not been done.
#  Implicit/static pattern stem: `'
#  File does not exist.
#  File has been updated.
#  Needs to be updated (-q is set).
# automatic
 
# @ := greet
# automatic
# % := 
# automatic
# * := 
# automatic
# + := 
# automatic
# | := 
# automatic
# < := 
# automatic
# ^ := 
# automatic
# ? := 
# variable set hash-table stats:
# Load=8/32=25%, Rehash=0, Collisions=2/35=6%
#  commands to execute (from `Makefile', line 50):
	@${CHECK_DIR_CMD}
	protoc -I$@/${PROTO_DIR} --go_opt=module=${PACKAGE} --go_out=. --go-grpc_opt=module=${PACKAGE} --go-grpc_out=. $@/${PROTO_DIR}/*.proto
	go build -o ${BIN_DIR}/$@/${SERVER_BIN} ./$@/${SERVER_DIR}
	go build -o ${BIN_DIR}/$@/${CLIENT_BIN} ./$@/${CLIENT_DIR}
	

clean_blog:
#  Implicit rule search has not been done.
#  Modification time never checked.
#  File has not been updated.
#  commands to execute (from `Makefile', line 72):
	${RM_F_CMD} blog/${PROTO_DIR}/*.pb.go
	

blog:
#  Phony target (prerequisite of .PHONY).
#  Implicit rule search has not been done.
#  File does not exist.
#  File has not been updated.
#  commands to execute (from `Makefile', line 50):
	@${CHECK_DIR_CMD}
	protoc -I$@/${PROTO_DIR} --go_opt=module=${PACKAGE} --go_out=. --go-grpc_opt=module=${PACKAGE} --go-grpc_out=. $@/${PROTO_DIR}/*.proto
	go build -o ${BIN_DIR}/$@/${SERVER_BIN} ./$@/${SERVER_DIR}
	go build -o ${BIN_DIR}/$@/${CLIENT_BIN} ./$@/${CLIENT_DIR}
	

# files hash-table stats:
# Load=16/1024=2%, Rehash=0, Collisions=0/46=0%
# VPATH Search Paths

# No `vpath' search paths.

# No general (`VPATH' variable) search path.

# # of strings in strcache: 1
# # of strcache buffers: 1
# strcache size: total = 4096 / max = 4096 / min = 4096 / avg = 4096
# strcache free: total = 4087 / max = 4087 / min = 4087 / avg = 4087

# Finished Make data base on Mon Jul 18 22:55:49 2022

 
